\\STUDENTSTORAGE\HOMEFOLDERS$\C12404762\DESKTOP\SCADA\DOCONNOR_DT0083 (D)\DOCONNOR_DT0083 (D)\SCADA_VS2010\DEBUG\SCADA.EXE
\\STUDENTSTORAGE\HOMEFOLDERS$\C12404762\DESKTOP\SCADA\DOCONNOR_DT0083 (D)\DOCONNOR_DT0083 (D)\SCADA_VS2010\DEBUG\SCADA.ILK
\\STUDENTSTORAGE\HOMEFOLDERS$\C12404762\DESKTOP\SCADA\DOCONNOR_DT0083 (D)\DOCONNOR_DT0083 (D)\SCADA_VS2010\DEBUG\SCADA.PDB
\\STUDENTSTORAGE\HOMEFOLDERS$\C12404762\DESKTOP\SCADA\DOCONNOR_DT0083 (D)\DOCONNOR_DT0083 (D)\SCADA_VS2010\SCADA\DEBUG\BASECOMPONENT.OBJ
\\STUDENTSTORAGE\HOMEFOLDERS$\C12404762\DESKTOP\SCADA\DOCONNOR_DT0083 (D)\DOCONNOR_DT0083 (D)\SCADA_VS2010\SCADA\DEBUG\CCTVCAMERA.OBJ
\\STUDENTSTORAGE\HOMEFOLDERS$\C12404762\DESKTOP\SCADA\DOCONNOR_DT0083 (D)\DOCONNOR_DT0083 (D)\SCADA_VS2010\SCADA\DEBUG\CORNERPIPE.OBJ
\\STUDENTSTORAGE\HOMEFOLDERS$\C12404762\DESKTOP\SCADA\DOCONNOR_DT0083 (D)\DOCONNOR_DT0083 (D)\SCADA_VS2010\SCADA\DEBUG\CROSSJUNCTION.OBJ
\\STUDENTSTORAGE\HOMEFOLDERS$\C12404762\DESKTOP\SCADA\DOCONNOR_DT0083 (D)\DOCONNOR_DT0083 (D)\SCADA_VS2010\SCADA\DEBUG\HYDRAULICVALVE.OBJ
\\STUDENTSTORAGE\HOMEFOLDERS$\C12404762\DESKTOP\SCADA\DOCONNOR_DT0083 (D)\DOCONNOR_DT0083 (D)\SCADA_VS2010\SCADA\DEBUG\IRONPIPE.OBJ
\\STUDENTSTORAGE\HOMEFOLDERS$\C12404762\DESKTOP\SCADA\DOCONNOR_DT0083 (D)\DOCONNOR_DT0083 (D)\SCADA_VS2010\SCADA\DEBUG\PNEUMATICPUMP.OBJ
\\STUDENTSTORAGE\HOMEFOLDERS$\C12404762\DESKTOP\SCADA\DOCONNOR_DT0083 (D)\DOCONNOR_DT0083 (D)\SCADA_VS2010\SCADA\DEBUG\PRESSUREGUAGE.OBJ
\\STUDENTSTORAGE\HOMEFOLDERS$\C12404762\DESKTOP\SCADA\DOCONNOR_DT0083 (D)\DOCONNOR_DT0083 (D)\SCADA_VS2010\SCADA\DEBUG\SANITIZATIONDRAIN.OBJ
\\STUDENTSTORAGE\HOMEFOLDERS$\C12404762\DESKTOP\SCADA\DOCONNOR_DT0083 (D)\DOCONNOR_DT0083 (D)\SCADA_VS2010\SCADA\DEBUG\SCADA.EXE.EMBED.MANIFEST
\\STUDENTSTORAGE\HOMEFOLDERS$\C12404762\DESKTOP\SCADA\DOCONNOR_DT0083 (D)\DOCONNOR_DT0083 (D)\SCADA_VS2010\SCADA\DEBUG\SCADA.EXE.EMBED.MANIFEST.RES
\\STUDENTSTORAGE\HOMEFOLDERS$\C12404762\DESKTOP\SCADA\DOCONNOR_DT0083 (D)\DOCONNOR_DT0083 (D)\SCADA_VS2010\SCADA\DEBUG\SCADA.EXE.INTERMEDIATE.MANIFEST
\\STUDENTSTORAGE\HOMEFOLDERS$\C12404762\DESKTOP\SCADA\DOCONNOR_DT0083 (D)\DOCONNOR_DT0083 (D)\SCADA_VS2010\SCADA\DEBUG\SCADA.OBJ
\\STUDENTSTORAGE\HOMEFOLDERS$\C12404762\DESKTOP\SCADA\DOCONNOR_DT0083 (D)\DOCONNOR_DT0083 (D)\SCADA_VS2010\SCADA\DEBUG\SCADA.PCH
\\STUDENTSTORAGE\HOMEFOLDERS$\C12404762\DESKTOP\SCADA\DOCONNOR_DT0083 (D)\DOCONNOR_DT0083 (D)\SCADA_VS2010\SCADA\DEBUG\SCADA.RES
\\STUDENTSTORAGE\HOMEFOLDERS$\C12404762\DESKTOP\SCADA\DOCONNOR_DT0083 (D)\DOCONNOR_DT0083 (D)\SCADA_VS2010\SCADA\DEBUG\STDAFX.OBJ
\\STUDENTSTORAGE\HOMEFOLDERS$\C12404762\DESKTOP\SCADA\DOCONNOR_DT0083 (D)\DOCONNOR_DT0083 (D)\SCADA_VS2010\SCADA\DEBUG\STORAGETANK.OBJ
\\STUDENTSTORAGE\HOMEFOLDERS$\C12404762\DESKTOP\SCADA\DOCONNOR_DT0083 (D)\DOCONNOR_DT0083 (D)\SCADA_VS2010\SCADA\DEBUG\SUSPENDEDCONCETEGROUNDFLOOR.OBJ
\\STUDENTSTORAGE\HOMEFOLDERS$\C12404762\DESKTOP\SCADA\DOCONNOR_DT0083 (D)\DOCONNOR_DT0083 (D)\SCADA_VS2010\SCADA\DEBUG\T_JUNCTION.OBJ
\\STUDENTSTORAGE\HOMEFOLDERS$\C12404762\DESKTOP\SCADA\DOCONNOR_DT0083 (D)\DOCONNOR_DT0083 (D)\SCADA_VS2010\SCADA\DEBUG\THREEWAYJUNCTION.OBJ
\\STUDENTSTORAGE\HOMEFOLDERS$\C12404762\DESKTOP\SCADA\DOCONNOR_DT0083 (D)\DOCONNOR_DT0083 (D)\SCADA_VS2010\SCADA\DEBUG\TWOWAYJUNCTION.OBJ
\\STUDENTSTORAGE\HOMEFOLDERS$\C12404762\DESKTOP\SCADA\DOCONNOR_DT0083 (D)\DOCONNOR_DT0083 (D)\SCADA_VS2010\SCADA\DEBUG\VC100.PDB
\\STUDENTSTORAGE\HOMEFOLDERS$\C12404762\DESKTOP\SCADA\DOCONNOR_DT0083 (D)\DOCONNOR_DT0083 (D)\SCADA_VS2010\SCADA\DEBUG\WATERSOURCE.OBJ
C:\USERS\PC USER\DOCUMENTS\VISUAL STUDIO 2010\PROJECTS\SCADA\DOCONNOR_DT0083 (D)\DOCONNOR_DT0083 (D)\SCADA_VS2010\DEBUG\SCADA.EXE
C:\USERS\PC USER\DOCUMENTS\VISUAL STUDIO 2010\PROJECTS\SCADA\DOCONNOR_DT0083 (D)\DOCONNOR_DT0083 (D)\SCADA_VS2010\DEBUG\SCADA.ILK
C:\USERS\PC USER\DOCUMENTS\VISUAL STUDIO 2010\PROJECTS\SCADA\DOCONNOR_DT0083 (D)\DOCONNOR_DT0083 (D)\SCADA_VS2010\DEBUG\SCADA.PDB
C:\USERS\PC USER\DOCUMENTS\VISUAL STUDIO 2010\PROJECTS\SCADA\DOCONNOR_DT0083 (D)\DOCONNOR_DT0083 (D)\SCADA_VS2010\SCADA\DEBUG\BASECOMPONENT.OBJ
C:\USERS\PC USER\DOCUMENTS\VISUAL STUDIO 2010\PROJECTS\SCADA\DOCONNOR_DT0083 (D)\DOCONNOR_DT0083 (D)\SCADA_VS2010\SCADA\DEBUG\CCTVCAMERA.OBJ
C:\USERS\PC USER\DOCUMENTS\VISUAL STUDIO 2010\PROJECTS\SCADA\DOCONNOR_DT0083 (D)\DOCONNOR_DT0083 (D)\SCADA_VS2010\SCADA\DEBUG\CORNERPIPE.OBJ
C:\USERS\PC USER\DOCUMENTS\VISUAL STUDIO 2010\PROJECTS\SCADA\DOCONNOR_DT0083 (D)\DOCONNOR_DT0083 (D)\SCADA_VS2010\SCADA\DEBUG\CROSSJUNCTION.OBJ
C:\USERS\PC USER\DOCUMENTS\VISUAL STUDIO 2010\PROJECTS\SCADA\DOCONNOR_DT0083 (D)\DOCONNOR_DT0083 (D)\SCADA_VS2010\SCADA\DEBUG\HYDRAULICVALVE.OBJ
C:\USERS\PC USER\DOCUMENTS\VISUAL STUDIO 2010\PROJECTS\SCADA\DOCONNOR_DT0083 (D)\DOCONNOR_DT0083 (D)\SCADA_VS2010\SCADA\DEBUG\IRONPIPE.OBJ
C:\USERS\PC USER\DOCUMENTS\VISUAL STUDIO 2010\PROJECTS\SCADA\DOCONNOR_DT0083 (D)\DOCONNOR_DT0083 (D)\SCADA_VS2010\SCADA\DEBUG\PNEUMATICPUMP.OBJ
C:\USERS\PC USER\DOCUMENTS\VISUAL STUDIO 2010\PROJECTS\SCADA\DOCONNOR_DT0083 (D)\DOCONNOR_DT0083 (D)\SCADA_VS2010\SCADA\DEBUG\PRESSUREGUAGE.OBJ
C:\USERS\PC USER\DOCUMENTS\VISUAL STUDIO 2010\PROJECTS\SCADA\DOCONNOR_DT0083 (D)\DOCONNOR_DT0083 (D)\SCADA_VS2010\SCADA\DEBUG\SANITIZATIONDRAIN.OBJ
C:\USERS\PC USER\DOCUMENTS\VISUAL STUDIO 2010\PROJECTS\SCADA\DOCONNOR_DT0083 (D)\DOCONNOR_DT0083 (D)\SCADA_VS2010\SCADA\DEBUG\SCADA.EXE.EMBED.MANIFEST
C:\USERS\PC USER\DOCUMENTS\VISUAL STUDIO 2010\PROJECTS\SCADA\DOCONNOR_DT0083 (D)\DOCONNOR_DT0083 (D)\SCADA_VS2010\SCADA\DEBUG\SCADA.EXE.EMBED.MANIFEST.RES
C:\USERS\PC USER\DOCUMENTS\VISUAL STUDIO 2010\PROJECTS\SCADA\DOCONNOR_DT0083 (D)\DOCONNOR_DT0083 (D)\SCADA_VS2010\SCADA\DEBUG\SCADA.EXE.INTERMEDIATE.MANIFEST
C:\USERS\PC USER\DOCUMENTS\VISUAL STUDIO 2010\PROJECTS\SCADA\DOCONNOR_DT0083 (D)\DOCONNOR_DT0083 (D)\SCADA_VS2010\SCADA\DEBUG\SCADA.OBJ
C:\USERS\PC USER\DOCUMENTS\VISUAL STUDIO 2010\PROJECTS\SCADA\DOCONNOR_DT0083 (D)\DOCONNOR_DT0083 (D)\SCADA_VS2010\SCADA\DEBUG\SCADA.PCH
C:\USERS\PC USER\DOCUMENTS\VISUAL STUDIO 2010\PROJECTS\SCADA\DOCONNOR_DT0083 (D)\DOCONNOR_DT0083 (D)\SCADA_VS2010\SCADA\DEBUG\SCADA.RES
C:\USERS\PC USER\DOCUMENTS\VISUAL STUDIO 2010\PROJECTS\SCADA\DOCONNOR_DT0083 (D)\DOCONNOR_DT0083 (D)\SCADA_VS2010\SCADA\DEBUG\STDAFX.OBJ
C:\USERS\PC USER\DOCUMENTS\VISUAL STUDIO 2010\PROJECTS\SCADA\DOCONNOR_DT0083 (D)\DOCONNOR_DT0083 (D)\SCADA_VS2010\SCADA\DEBUG\STORAGETANK.OBJ
C:\USERS\PC USER\DOCUMENTS\VISUAL STUDIO 2010\PROJECTS\SCADA\DOCONNOR_DT0083 (D)\DOCONNOR_DT0083 (D)\SCADA_VS2010\SCADA\DEBUG\SUSPENDEDCONCETEGROUNDFLOOR.OBJ
C:\USERS\PC USER\DOCUMENTS\VISUAL STUDIO 2010\PROJECTS\SCADA\DOCONNOR_DT0083 (D)\DOCONNOR_DT0083 (D)\SCADA_VS2010\SCADA\DEBUG\T_JUNCTION.OBJ
C:\USERS\PC USER\DOCUMENTS\VISUAL STUDIO 2010\PROJECTS\SCADA\DOCONNOR_DT0083 (D)\DOCONNOR_DT0083 (D)\SCADA_VS2010\SCADA\DEBUG\THREEWAYJUNCTION.OBJ
C:\USERS\PC USER\DOCUMENTS\VISUAL STUDIO 2010\PROJECTS\SCADA\DOCONNOR_DT0083 (D)\DOCONNOR_DT0083 (D)\SCADA_VS2010\SCADA\DEBUG\TWOWAYJUNCTION.OBJ
C:\USERS\PC USER\DOCUMENTS\VISUAL STUDIO 2010\PROJECTS\SCADA\DOCONNOR_DT0083 (D)\DOCONNOR_DT0083 (D)\SCADA_VS2010\SCADA\DEBUG\VC100.PDB
C:\USERS\PC USER\DOCUMENTS\VISUAL STUDIO 2010\PROJECTS\SCADA\DOCONNOR_DT0083 (D)\DOCONNOR_DT0083 (D)\SCADA_VS2010\SCADA\DEBUG\WATERSOURCE.OBJ
Z:\3rd year\Project\SCADAmodcctv\DOConnor_DT0083 (D)\DOConnor_DT0083 (D)\SCADA_VS2010\Debug\SCADA.exe
Z:\3rd year\Project\SCADAmodcctv\DOConnor_DT0083 (D)\DOConnor_DT0083 (D)\SCADA_VS2010\Debug\SCADA.ilk
Z:\3rd year\Project\SCADAmodcctv\DOConnor_DT0083 (D)\DOConnor_DT0083 (D)\SCADA_VS2010\Debug\SCADA.pdb
Z:\3rd year\Project\SCADAmodcctv\DOConnor_DT0083 (D)\DOConnor_DT0083 (D)\SCADA_VS2010\SCADA\Debug\BaseComponent.obj
Z:\3rd year\Project\SCADAmodcctv\DOConnor_DT0083 (D)\DOConnor_DT0083 (D)\SCADA_VS2010\SCADA\Debug\CCTVCamera.obj
Z:\3rd year\Project\SCADAmodcctv\DOConnor_DT0083 (D)\DOConnor_DT0083 (D)\SCADA_VS2010\SCADA\Debug\cl.command.1.tlog
Z:\3rd year\Project\SCADAmodcctv\DOConnor_DT0083 (D)\DOConnor_DT0083 (D)\SCADA_VS2010\SCADA\Debug\CL.read.1.tlog
Z:\3rd year\Project\SCADAmodcctv\DOConnor_DT0083 (D)\DOConnor_DT0083 (D)\SCADA_VS2010\SCADA\Debug\CL.write.1.tlog
Z:\3rd year\Project\SCADAmodcctv\DOConnor_DT0083 (D)\DOConnor_DT0083 (D)\SCADA_VS2010\SCADA\Debug\CornerPipe.obj
Z:\3rd year\Project\SCADAmodcctv\DOConnor_DT0083 (D)\DOConnor_DT0083 (D)\SCADA_VS2010\SCADA\Debug\CrossJunction.obj
Z:\3rd year\Project\SCADAmodcctv\DOConnor_DT0083 (D)\DOConnor_DT0083 (D)\SCADA_VS2010\SCADA\Debug\HydraulicValve.obj
Z:\3rd year\Project\SCADAmodcctv\DOConnor_DT0083 (D)\DOConnor_DT0083 (D)\SCADA_VS2010\SCADA\Debug\IronPipe.obj
Z:\3rd year\Project\SCADAmodcctv\DOConnor_DT0083 (D)\DOConnor_DT0083 (D)\SCADA_VS2010\SCADA\Debug\link.command.1.tlog
Z:\3rd year\Project\SCADAmodcctv\DOConnor_DT0083 (D)\DOConnor_DT0083 (D)\SCADA_VS2010\SCADA\Debug\link.read.1.tlog
Z:\3rd year\Project\SCADAmodcctv\DOConnor_DT0083 (D)\DOConnor_DT0083 (D)\SCADA_VS2010\SCADA\Debug\link.write.1.tlog
Z:\3rd year\Project\SCADAmodcctv\DOConnor_DT0083 (D)\DOConnor_DT0083 (D)\SCADA_VS2010\SCADA\Debug\link-cvtres.read.1.tlog
Z:\3rd year\Project\SCADAmodcctv\DOConnor_DT0083 (D)\DOConnor_DT0083 (D)\SCADA_VS2010\SCADA\Debug\link-cvtres.write.1.tlog
Z:\3rd year\Project\SCADAmodcctv\DOConnor_DT0083 (D)\DOConnor_DT0083 (D)\SCADA_VS2010\SCADA\Debug\mt.command.1.tlog
Z:\3rd year\Project\SCADAmodcctv\DOConnor_DT0083 (D)\DOConnor_DT0083 (D)\SCADA_VS2010\SCADA\Debug\mt.read.1.tlog
Z:\3rd year\Project\SCADAmodcctv\DOConnor_DT0083 (D)\DOConnor_DT0083 (D)\SCADA_VS2010\SCADA\Debug\mt.write.1.tlog
Z:\3rd year\Project\SCADAmodcctv\DOConnor_DT0083 (D)\DOConnor_DT0083 (D)\SCADA_VS2010\SCADA\Debug\PneumaticPump.obj
Z:\3rd year\Project\SCADAmodcctv\DOConnor_DT0083 (D)\DOConnor_DT0083 (D)\SCADA_VS2010\SCADA\Debug\PressureGuage.obj
Z:\3rd year\Project\SCADAmodcctv\DOConnor_DT0083 (D)\DOConnor_DT0083 (D)\SCADA_VS2010\SCADA\Debug\rc.command.1.tlog
Z:\3rd year\Project\SCADAmodcctv\DOConnor_DT0083 (D)\DOConnor_DT0083 (D)\SCADA_VS2010\SCADA\Debug\rc.read.1.tlog
Z:\3rd year\Project\SCADAmodcctv\DOConnor_DT0083 (D)\DOConnor_DT0083 (D)\SCADA_VS2010\SCADA\Debug\rc.write.1.tlog
Z:\3rd year\Project\SCADAmodcctv\DOConnor_DT0083 (D)\DOConnor_DT0083 (D)\SCADA_VS2010\SCADA\Debug\SanitizationDrain.obj
Z:\3rd year\Project\SCADAmodcctv\DOConnor_DT0083 (D)\DOConnor_DT0083 (D)\SCADA_VS2010\SCADA\Debug\SCADA.exe.embed.manifest
Z:\3rd year\Project\SCADAmodcctv\DOConnor_DT0083 (D)\DOConnor_DT0083 (D)\SCADA_VS2010\SCADA\Debug\SCADA.exe.embed.manifest.res
Z:\3rd year\Project\SCADAmodcctv\DOConnor_DT0083 (D)\DOConnor_DT0083 (D)\SCADA_VS2010\SCADA\Debug\SCADA.exe.intermediate.manifest
Z:\3rd year\Project\SCADAmodcctv\DOConnor_DT0083 (D)\DOConnor_DT0083 (D)\SCADA_VS2010\SCADA\Debug\SCADA.obj
Z:\3rd year\Project\SCADAmodcctv\DOConnor_DT0083 (D)\DOConnor_DT0083 (D)\SCADA_VS2010\SCADA\Debug\SCADA.pch
Z:\3rd year\Project\SCADAmodcctv\DOConnor_DT0083 (D)\DOConnor_DT0083 (D)\SCADA_VS2010\SCADA\Debug\SCADA.res
Z:\3rd year\Project\SCADAmodcctv\DOConnor_DT0083 (D)\DOConnor_DT0083 (D)\SCADA_VS2010\SCADA\Debug\SCADA.vcxprojResolveAssemblyReference.cache
Z:\3rd year\Project\SCADAmodcctv\DOConnor_DT0083 (D)\DOConnor_DT0083 (D)\SCADA_VS2010\SCADA\Debug\SCADA.write.1.tlog
Z:\3rd year\Project\SCADAmodcctv\DOConnor_DT0083 (D)\DOConnor_DT0083 (D)\SCADA_VS2010\SCADA\Debug\SCADA_manifest.rc
Z:\3rd year\Project\SCADAmodcctv\DOConnor_DT0083 (D)\DOConnor_DT0083 (D)\SCADA_VS2010\SCADA\Debug\stdafx.obj
Z:\3rd year\Project\SCADAmodcctv\DOConnor_DT0083 (D)\DOConnor_DT0083 (D)\SCADA_VS2010\SCADA\Debug\StorageTank.obj
Z:\3rd year\Project\SCADAmodcctv\DOConnor_DT0083 (D)\DOConnor_DT0083 (D)\SCADA_VS2010\SCADA\Debug\SuspendedConceteGroundFloor.obj
Z:\3rd year\Project\SCADAmodcctv\DOConnor_DT0083 (D)\DOConnor_DT0083 (D)\SCADA_VS2010\SCADA\Debug\T_Junction.obj
Z:\3rd year\Project\SCADAmodcctv\DOConnor_DT0083 (D)\DOConnor_DT0083 (D)\SCADA_VS2010\SCADA\Debug\ThreeWayJunction.obj
Z:\3rd year\Project\SCADAmodcctv\DOConnor_DT0083 (D)\DOConnor_DT0083 (D)\SCADA_VS2010\SCADA\Debug\TwoWayJunction.obj
Z:\3rd year\Project\SCADAmodcctv\DOConnor_DT0083 (D)\DOConnor_DT0083 (D)\SCADA_VS2010\SCADA\Debug\vc100.idb
Z:\3rd year\Project\SCADAmodcctv\DOConnor_DT0083 (D)\DOConnor_DT0083 (D)\SCADA_VS2010\SCADA\Debug\vc100.pdb
Z:\3rd year\Project\SCADAmodcctv\DOConnor_DT0083 (D)\DOConnor_DT0083 (D)\SCADA_VS2010\SCADA\Debug\WaterSource.obj
